<component name="libraryTable">
  <library name="junit-4.13-beta-1">
    <CLASSES>
      <root url="jar://$MAVEN_REPOSITORY$/junit/junit/4.13-beta-1/junit-4.13-beta-1.jar!/" />
    </CLASSES>
    <JAVADOC />
    <SOURCES />
  </library>
</component>